[2025-06-02T01:22:46.278+0000] {local_task_job_runner.py:123} INFO - ::group::Pre task execution logs
[2025-06-02T01:22:49.883+0000] {taskinstance.py:2612} INFO - Dependencies all met for dep_context=non-requeueable deps ti=<TaskInstance: log_monitoring_dag.start_spark_consumer scheduled__2025-06-02T00:40:00+00:00 [queued]>
[2025-06-02T01:22:50.284+0000] {taskinstance.py:2612} INFO - Dependencies all met for dep_context=requeueable deps ti=<TaskInstance: log_monitoring_dag.start_spark_consumer scheduled__2025-06-02T00:40:00+00:00 [queued]>
[2025-06-02T01:22:50.286+0000] {taskinstance.py:2865} INFO - Starting attempt 2 of 2
[2025-06-02T01:22:50.618+0000] {taskinstance.py:2888} INFO - Executing <Task(BashOperator): start_spark_consumer> on 2025-06-02 00:40:00+00:00
[2025-06-02T01:22:50.725+0000] {standard_task_runner.py:104} INFO - Running: ['***', 'tasks', 'run', 'log_monitoring_dag', 'start_spark_consumer', 'scheduled__2025-06-02T00:40:00+00:00', '--job-id', '66', '--raw', '--subdir', 'DAGS_FOLDER/log_monitoring_dag.py', '--cfg-path', '/tmp/tmput_g6i5v']
[2025-06-02T01:22:51.212+0000] {standard_task_runner.py:105} INFO - Job 66: Subtask start_spark_consumer
[2025-06-02T01:22:50.773+0000] {logging_mixin.py:190} WARNING - /home/***/.local/lib/python3.12/site-packages/***/task/task_runner/standard_task_runner.py:70 DeprecationWarning: This process (pid=514) is multi-threaded, use of fork() may lead to deadlocks in the child.
[2025-06-02T01:22:52.055+0000] {standard_task_runner.py:72} INFO - Started process 522 to run task
[2025-06-02T01:22:53.143+0000] {logging_mixin.py:190} WARNING - /home/***/.local/lib/python3.12/site-packages/***/settings.py:209 DeprecationWarning: The sql_alchemy_conn option in [core] has been moved to the sql_alchemy_conn option in [database] - the old setting has been used, but please update your config.
[2025-06-02T01:23:15.067+0000] {task_command.py:467} INFO - Running <TaskInstance: log_monitoring_dag.start_spark_consumer scheduled__2025-06-02T00:40:00+00:00 [running]> on host 95af1ae74a08
[2025-06-02T01:23:15.014+0000] {job.py:229} INFO - Heartbeat recovered after 32.15 seconds
[2025-06-02T01:23:15.104+0000] {logging_mixin.py:190} WARNING - /home/***/.local/lib/python3.12/site-packages/***/settings.py:470 DeprecationWarning: The sql_alchemy_conn option in [core] has been moved to the sql_alchemy_conn option in [database] - the old setting has been used, but please update your config.
[2025-06-02T01:23:28.562+0000] {job.py:229} INFO - Heartbeat recovered after 14.53 seconds
[2025-06-02T01:23:38.187+0000] {taskinstance.py:3131} INFO - Exporting env vars: AIRFLOW_CTX_DAG_OWNER='***' AIRFLOW_CTX_DAG_ID='log_monitoring_dag' AIRFLOW_CTX_TASK_ID='start_spark_consumer' AIRFLOW_CTX_EXECUTION_DATE='2025-06-02T00:40:00+00:00' AIRFLOW_CTX_TRY_NUMBER='2' AIRFLOW_CTX_DAG_RUN_ID='scheduled__2025-06-02T00:40:00+00:00'
[2025-06-02T01:23:38.188+0000] {taskinstance.py:731} INFO - ::endgroup::
[2025-06-02T01:23:38.773+0000] {job.py:229} INFO - Heartbeat recovered after 10.73 seconds
[2025-06-02T01:23:42.914+0000] {subprocess.py:63} INFO - Tmp dir root location: /tmp
[2025-06-02T01:23:42.965+0000] {subprocess.py:75} INFO - Running command: ['/usr/bin/bash', '-c', '\n            docker run --rm             --network realtime_log_monitoring_default             -v /opt/***/app:/app             bitnami/spark:3.3.0             spark-submit --packages org.apache.spark:spark-sql-kafka-0-10_2.12:3.2.0 /app/log_consumer.py\n        ']
[2025-06-02T01:23:44.134+0000] {subprocess.py:86} INFO - Output:
[2025-06-02T01:23:50.366+0000] {job.py:229} INFO - Heartbeat recovered after 11.67 seconds
[2025-06-02T01:24:02.367+0000] {job.py:229} INFO - Heartbeat recovered after 12.47 seconds
[2025-06-02T01:24:25.127+0000] {job.py:229} INFO - Heartbeat recovered after 11.30 seconds
[2025-06-02T01:24:50.457+0000] {job.py:229} INFO - Heartbeat recovered after 17.40 seconds
[2025-06-02T01:25:10.629+0000] {job.py:229} INFO - Heartbeat recovered after 13.38 seconds
[2025-06-02T01:25:25.537+0000] {job.py:229} INFO - Heartbeat recovered after 15.20 seconds
[2025-06-02T01:26:00.808+0000] {job.py:229} INFO - Heartbeat recovered after 26.45 seconds
[2025-06-02T01:26:21.712+0000] {subprocess.py:93} INFO - [38;5;6m [38;5;5m01:26:21.71 [0m
[2025-06-02T01:26:22.061+0000] {subprocess.py:93} INFO - [38;5;6m [38;5;5m01:26:21.73 [0m[1mWelcome to the Bitnami spark container[0m
[2025-06-02T01:26:22.062+0000] {subprocess.py:93} INFO - [38;5;6m [38;5;5m01:26:21.73 [0mSubscribe to project updates by watching [1mhttps://github.com/bitnami/containers[0m
[2025-06-02T01:26:22.063+0000] {subprocess.py:93} INFO - [38;5;6m [38;5;5m01:26:21.73 [0mSubmit issues and feature requests at [1mhttps://github.com/bitnami/containers/issues[0m
[2025-06-02T01:26:22.063+0000] {subprocess.py:93} INFO - [38;5;6m [38;5;5m01:26:21.73 [0m
[2025-06-02T01:26:22.539+0000] {subprocess.py:93} INFO - 
[2025-06-02T01:26:53.346+0000] {job.py:229} INFO - Heartbeat recovered after 20.84 seconds
[2025-06-02T01:27:22.535+0000] {job.py:229} INFO - Heartbeat recovered after 19.79 seconds
[2025-06-02T01:27:57.886+0000] {job.py:229} INFO - Heartbeat recovered after 36.12 seconds
[2025-06-02T01:28:16.390+0000] {job.py:229} INFO - Heartbeat recovered after 18.91 seconds
[2025-06-02T01:28:33.818+0000] {job.py:229} INFO - Heartbeat recovered after 18.70 seconds
[2025-06-02T01:29:01.203+0000] {job.py:229} INFO - Heartbeat recovered after 29.68 seconds
[2025-06-02T01:29:22.337+0000] {job.py:229} INFO - Heartbeat recovered after 22.46 seconds
[2025-06-02T01:29:35.193+0000] {job.py:229} INFO - Heartbeat recovered after 12.90 seconds
[2025-06-02T01:29:54.552+0000] {job.py:229} INFO - Heartbeat recovered after 19.77 seconds
[2025-06-02T01:30:26.805+0000] {job.py:229} INFO - Heartbeat recovered after 15.61 seconds
[2025-06-02T01:30:43.975+0000] {job.py:229} INFO - Heartbeat recovered after 17.27 seconds
[2025-06-02T01:30:57.864+0000] {job.py:229} INFO - Heartbeat recovered after 14.28 seconds
[2025-06-02T01:31:08.917+0000] {job.py:229} INFO - Heartbeat recovered after 11.76 seconds
[2025-06-02T01:31:25.165+0000] {job.py:229} INFO - Heartbeat recovered after 16.35 seconds
[2025-06-02T01:31:36.728+0000] {job.py:229} INFO - Heartbeat recovered after 11.81 seconds
[2025-06-02T01:31:39.534+0000] {subprocess.py:93} INFO - :: loading settings :: url = jar:file:/opt/bitnami/spark/jars/ivy-2.5.0.jar!/org/apache/ivy/core/settings/ivysettings.xml
[2025-06-02T01:31:42.048+0000] {subprocess.py:93} INFO - Ivy Default Cache set to: /opt/bitnami/spark/.ivy2/cache
[2025-06-02T01:31:42.167+0000] {subprocess.py:93} INFO - The jars for the packages stored in: /opt/bitnami/spark/.ivy2/jars
[2025-06-02T01:31:42.168+0000] {subprocess.py:93} INFO - org.apache.spark#spark-sql-kafka-0-10_2.12 added as a dependency
[2025-06-02T01:31:42.292+0000] {subprocess.py:93} INFO - :: resolving dependencies :: org.apache.spark#spark-submit-parent-41ca5cd6-ff33-42e7-b810-347ba32d17d4;1.0
[2025-06-02T01:31:42.294+0000] {subprocess.py:93} INFO - 	confs: [default]
[2025-06-02T01:32:11.960+0000] {subprocess.py:93} INFO - You probably access the destination server through a proxy server that is not well configured.
[2025-06-02T01:32:17.315+0000] {subprocess.py:93} INFO - You probably access the destination server through a proxy server that is not well configured.
[2025-06-02T01:32:32.007+0000] {subprocess.py:93} INFO - :: resolution report :: resolve 50182ms :: artifacts dl 0ms
[2025-06-02T01:32:32.363+0000] {subprocess.py:93} INFO - 	:: modules in use:
[2025-06-02T01:32:32.384+0000] {subprocess.py:93} INFO - 	---------------------------------------------------------------------
[2025-06-02T01:32:32.386+0000] {subprocess.py:93} INFO - 	|                  |            modules            ||   artifacts   |
[2025-06-02T01:32:32.386+0000] {subprocess.py:93} INFO - 	|       conf       | number| search|dwnlded|evicted|| number|dwnlded|
[2025-06-02T01:32:32.756+0000] {subprocess.py:93} INFO - 	---------------------------------------------------------------------
[2025-06-02T01:32:32.756+0000] {subprocess.py:93} INFO - 	|      default     |   1   |   0   |   0   |   0   ||   0   |   0   |
[2025-06-02T01:32:33.030+0000] {subprocess.py:93} INFO - 	---------------------------------------------------------------------
[2025-06-02T01:32:33.031+0000] {subprocess.py:93} INFO - 
[2025-06-02T01:32:33.032+0000] {subprocess.py:93} INFO - :: problems summary ::
[2025-06-02T01:32:33.033+0000] {subprocess.py:93} INFO - :::: WARNINGS
[2025-06-02T01:32:33.114+0000] {subprocess.py:93} INFO - 	Host repo1.maven.org not found. url=https://repo1.maven.org/maven2/org/apache/spark/spark-sql-kafka-0-10_2.12/3.2.0/spark-sql-kafka-0-10_2.12-3.2.0.pom
[2025-06-02T01:32:33.114+0000] {subprocess.py:93} INFO - 
[2025-06-02T01:32:33.118+0000] {subprocess.py:93} INFO - 	Host repo1.maven.org not found. url=https://repo1.maven.org/maven2/org/apache/spark/spark-sql-kafka-0-10_2.12/3.2.0/spark-sql-kafka-0-10_2.12-3.2.0.jar
[2025-06-02T01:32:33.118+0000] {subprocess.py:93} INFO - 
[2025-06-02T01:32:33.119+0000] {subprocess.py:93} INFO - 		module not found: org.apache.spark#spark-sql-kafka-0-10_2.12;3.2.0
[2025-06-02T01:32:33.178+0000] {subprocess.py:93} INFO - 
[2025-06-02T01:32:33.577+0000] {subprocess.py:93} INFO - 	==== local-m2-cache: tried
[2025-06-02T01:32:33.587+0000] {subprocess.py:93} INFO - 
[2025-06-02T01:32:33.588+0000] {subprocess.py:93} INFO - 	  file:/opt/bitnami/spark/.m2/repository/org/apache/spark/spark-sql-kafka-0-10_2.12/3.2.0/spark-sql-kafka-0-10_2.12-3.2.0.pom
[2025-06-02T01:32:33.675+0000] {subprocess.py:93} INFO - 
[2025-06-02T01:32:33.701+0000] {subprocess.py:93} INFO - 	  -- artifact org.apache.spark#spark-sql-kafka-0-10_2.12;3.2.0!spark-sql-kafka-0-10_2.12.jar:
[2025-06-02T01:32:33.702+0000] {subprocess.py:93} INFO - 
[2025-06-02T01:32:33.703+0000] {subprocess.py:93} INFO - 	  file:/opt/bitnami/spark/.m2/repository/org/apache/spark/spark-sql-kafka-0-10_2.12/3.2.0/spark-sql-kafka-0-10_2.12-3.2.0.jar
[2025-06-02T01:32:33.703+0000] {subprocess.py:93} INFO - 
[2025-06-02T01:32:33.813+0000] {subprocess.py:93} INFO - 	==== local-ivy-cache: tried
[2025-06-02T01:32:33.814+0000] {subprocess.py:93} INFO - 
[2025-06-02T01:32:33.820+0000] {subprocess.py:93} INFO - 	  /opt/bitnami/spark/.ivy2/local/org.apache.spark/spark-sql-kafka-0-10_2.12/3.2.0/ivys/ivy.xml
[2025-06-02T01:32:33.820+0000] {subprocess.py:93} INFO - 
[2025-06-02T01:32:33.955+0000] {subprocess.py:93} INFO - 	  -- artifact org.apache.spark#spark-sql-kafka-0-10_2.12;3.2.0!spark-sql-kafka-0-10_2.12.jar:
[2025-06-02T01:32:34.051+0000] {subprocess.py:93} INFO - 
[2025-06-02T01:32:34.052+0000] {subprocess.py:93} INFO - 	  /opt/bitnami/spark/.ivy2/local/org.apache.spark/spark-sql-kafka-0-10_2.12/3.2.0/jars/spark-sql-kafka-0-10_2.12.jar
[2025-06-02T01:32:34.054+0000] {subprocess.py:93} INFO - 
[2025-06-02T01:32:34.054+0000] {subprocess.py:93} INFO - 	==== central: tried
[2025-06-02T01:32:34.126+0000] {subprocess.py:93} INFO - 
[2025-06-02T01:32:34.306+0000] {subprocess.py:93} INFO - 	  https://repo1.maven.org/maven2/org/apache/spark/spark-sql-kafka-0-10_2.12/3.2.0/spark-sql-kafka-0-10_2.12-3.2.0.pom
[2025-06-02T01:32:34.420+0000] {subprocess.py:93} INFO - 
[2025-06-02T01:32:34.421+0000] {subprocess.py:93} INFO - 	  -- artifact org.apache.spark#spark-sql-kafka-0-10_2.12;3.2.0!spark-sql-kafka-0-10_2.12.jar:
[2025-06-02T01:32:34.422+0000] {subprocess.py:93} INFO - 
[2025-06-02T01:32:34.423+0000] {subprocess.py:93} INFO - 	  https://repo1.maven.org/maven2/org/apache/spark/spark-sql-kafka-0-10_2.12/3.2.0/spark-sql-kafka-0-10_2.12-3.2.0.jar
[2025-06-02T01:32:34.425+0000] {subprocess.py:93} INFO - 
[2025-06-02T01:32:34.426+0000] {subprocess.py:93} INFO - 	==== spark-packages: tried
[2025-06-02T01:32:34.427+0000] {subprocess.py:93} INFO - 
[2025-06-02T01:32:34.427+0000] {subprocess.py:93} INFO - 	  https://repos.spark-packages.org/org/apache/spark/spark-sql-kafka-0-10_2.12/3.2.0/spark-sql-kafka-0-10_2.12-3.2.0.pom
[2025-06-02T01:32:34.428+0000] {subprocess.py:93} INFO - 
[2025-06-02T01:32:34.429+0000] {subprocess.py:93} INFO - 	  -- artifact org.apache.spark#spark-sql-kafka-0-10_2.12;3.2.0!spark-sql-kafka-0-10_2.12.jar:
[2025-06-02T01:32:34.429+0000] {subprocess.py:93} INFO - 
[2025-06-02T01:32:34.429+0000] {subprocess.py:93} INFO - 	  https://repos.spark-packages.org/org/apache/spark/spark-sql-kafka-0-10_2.12/3.2.0/spark-sql-kafka-0-10_2.12-3.2.0.jar
[2025-06-02T01:32:34.666+0000] {subprocess.py:93} INFO - 
[2025-06-02T01:32:34.761+0000] {subprocess.py:93} INFO - 		::::::::::::::::::::::::::::::::::::::::::::::
[2025-06-02T01:32:34.821+0000] {subprocess.py:93} INFO - 
[2025-06-02T01:32:34.942+0000] {subprocess.py:93} INFO - 		::          UNRESOLVED DEPENDENCIES         ::
[2025-06-02T01:32:34.996+0000] {subprocess.py:93} INFO - 
[2025-06-02T01:32:34.996+0000] {subprocess.py:93} INFO - 		::::::::::::::::::::::::::::::::::::::::::::::
[2025-06-02T01:32:34.997+0000] {subprocess.py:93} INFO - 
[2025-06-02T01:32:34.997+0000] {subprocess.py:93} INFO - 		:: org.apache.spark#spark-sql-kafka-0-10_2.12;3.2.0: not found
[2025-06-02T01:32:34.997+0000] {subprocess.py:93} INFO - 
[2025-06-02T01:32:34.998+0000] {subprocess.py:93} INFO - 		::::::::::::::::::::::::::::::::::::::::::::::
[2025-06-02T01:32:34.998+0000] {subprocess.py:93} INFO - 
[2025-06-02T01:32:34.998+0000] {subprocess.py:93} INFO - 
[2025-06-02T01:32:34.999+0000] {subprocess.py:93} INFO - 
[2025-06-02T01:32:34.999+0000] {subprocess.py:93} INFO - :: USE VERBOSE OR DEBUG MESSAGE LEVEL FOR MORE DETAILS
[2025-06-02T01:32:34.999+0000] {subprocess.py:93} INFO - Exception in thread "main" java.lang.RuntimeException: [unresolved dependency: org.apache.spark#spark-sql-kafka-0-10_2.12;3.2.0: not found]
[2025-06-02T01:32:35.000+0000] {subprocess.py:93} INFO - 	at org.apache.spark.deploy.SparkSubmitUtils$.resolveMavenCoordinates(SparkSubmit.scala:1456)
[2025-06-02T01:32:35.000+0000] {subprocess.py:93} INFO - 	at org.apache.spark.util.DependencyUtils$.resolveMavenDependencies(DependencyUtils.scala:185)
[2025-06-02T01:32:35.001+0000] {subprocess.py:93} INFO - 	at org.apache.spark.deploy.SparkSubmit.prepareSubmitEnvironment(SparkSubmit.scala:308)
[2025-06-02T01:32:35.001+0000] {subprocess.py:93} INFO - 	at org.apache.spark.deploy.SparkSubmit.org$apache$spark$deploy$SparkSubmit$$runMain(SparkSubmit.scala:901)
[2025-06-02T01:32:35.001+0000] {subprocess.py:93} INFO - 	at org.apache.spark.deploy.SparkSubmit.doRunMain$1(SparkSubmit.scala:180)
[2025-06-02T01:32:35.002+0000] {subprocess.py:93} INFO - 	at org.apache.spark.deploy.SparkSubmit.submit(SparkSubmit.scala:203)
[2025-06-02T01:32:35.002+0000] {subprocess.py:93} INFO - 	at org.apache.spark.deploy.SparkSubmit.doSubmit(SparkSubmit.scala:90)
[2025-06-02T01:32:35.002+0000] {subprocess.py:93} INFO - 	at org.apache.spark.deploy.SparkSubmit$$anon$2.doSubmit(SparkSubmit.scala:1046)
[2025-06-02T01:32:35.185+0000] {subprocess.py:93} INFO - 	at org.apache.spark.deploy.SparkSubmit$.main(SparkSubmit.scala:1055)
[2025-06-02T01:32:35.186+0000] {subprocess.py:93} INFO - 	at org.apache.spark.deploy.SparkSubmit.main(SparkSubmit.scala)
[2025-06-02T01:33:00.677+0000] {subprocess.py:97} INFO - Command exited with return code 1
[2025-06-02T01:33:07.353+0000] {taskinstance.py:3310} ERROR - Task failed with exception
Traceback (most recent call last):
  File "/home/airflow/.local/lib/python3.12/site-packages/airflow/models/taskinstance.py", line 767, in _execute_task
    result = _execute_callable(context=context, **execute_callable_kwargs)
             ^^^^^^^^^^^^^^^^^^^^^^^^^^^^^^^^^^^^^^^^^^^^^^^^^^^^^^^^^^^^^
  File "/home/airflow/.local/lib/python3.12/site-packages/airflow/models/taskinstance.py", line 733, in _execute_callable
    return ExecutionCallableRunner(
           ^^^^^^^^^^^^^^^^^^^^^^^^
  File "/home/airflow/.local/lib/python3.12/site-packages/airflow/utils/operator_helpers.py", line 252, in run
    return self.func(*args, **kwargs)
           ^^^^^^^^^^^^^^^^^^^^^^^^^^
  File "/home/airflow/.local/lib/python3.12/site-packages/airflow/models/baseoperator.py", line 406, in wrapper
    return func(self, *args, **kwargs)
           ^^^^^^^^^^^^^^^^^^^^^^^^^^^
  File "/home/airflow/.local/lib/python3.12/site-packages/airflow/operators/bash.py", line 249, in execute
    raise AirflowException(
airflow.exceptions.AirflowException: Bash command failed. The command returned a non-zero exit code 1.
[2025-06-02T01:33:08.217+0000] {taskinstance.py:1225} INFO - Marking task as FAILED. dag_id=log_monitoring_dag, task_id=start_spark_consumer, run_id=scheduled__2025-06-02T00:40:00+00:00, execution_date=20250602T004000, start_date=20250602T012249, end_date=20250602T013307
[2025-06-02T01:33:11.489+0000] {taskinstance.py:340} INFO - ::group::Post task execution logs
[2025-06-02T01:33:11.684+0000] {standard_task_runner.py:124} ERROR - Failed to execute job 66 for task start_spark_consumer (Bash command failed. The command returned a non-zero exit code 1.; 522)
Traceback (most recent call last):
  File "/home/airflow/.local/lib/python3.12/site-packages/airflow/task/task_runner/standard_task_runner.py", line 117, in _start_by_fork
    ret = args.func(args, dag=self.dag)
          ^^^^^^^^^^^^^^^^^^^^^^^^^^^^^
  File "/home/airflow/.local/lib/python3.12/site-packages/airflow/cli/cli_config.py", line 49, in command
    return func(*args, **kwargs)
           ^^^^^^^^^^^^^^^^^^^^^
  File "/home/airflow/.local/lib/python3.12/site-packages/airflow/utils/cli.py", line 115, in wrapper
    return f(*args, **kwargs)
           ^^^^^^^^^^^^^^^^^^
  File "/home/airflow/.local/lib/python3.12/site-packages/airflow/cli/commands/task_command.py", line 483, in task_run
    task_return_code = _run_task_by_selected_method(args, _dag, ti)
                       ^^^^^^^^^^^^^^^^^^^^^^^^^^^^^^^^^^^^^^^^^^^^
  File "/home/airflow/.local/lib/python3.12/site-packages/airflow/cli/commands/task_command.py", line 256, in _run_task_by_selected_method
    return _run_raw_task(args, ti)
           ^^^^^^^^^^^^^^^^^^^^^^^
  File "/home/airflow/.local/lib/python3.12/site-packages/airflow/cli/commands/task_command.py", line 341, in _run_raw_task
    return ti._run_raw_task(
           ^^^^^^^^^^^^^^^^^
  File "/home/airflow/.local/lib/python3.12/site-packages/airflow/utils/session.py", line 97, in wrapper
    return func(*args, session=session, **kwargs)
           ^^^^^^^^^^^^^^^^^^^^^^^^^^^^^^^^^^^^^^
  File "/home/airflow/.local/lib/python3.12/site-packages/airflow/models/taskinstance.py", line 3004, in _run_raw_task
    return _run_raw_task(
           ^^^^^^^^^^^^^^
  File "/home/airflow/.local/lib/python3.12/site-packages/airflow/models/taskinstance.py", line 273, in _run_raw_task
    TaskInstance._execute_task_with_callbacks(
  File "/home/airflow/.local/lib/python3.12/site-packages/airflow/models/taskinstance.py", line 3158, in _execute_task_with_callbacks
    result = self._execute_task(context, task_orig)
             ^^^^^^^^^^^^^^^^^^^^^^^^^^^^^^^^^^^^^^
  File "/home/airflow/.local/lib/python3.12/site-packages/airflow/models/taskinstance.py", line 3182, in _execute_task
    return _execute_task(self, context, task_orig)
           ^^^^^^^^^^^^^^^^^^^^^^^^^^^^^^^^^^^^^^^
  File "/home/airflow/.local/lib/python3.12/site-packages/airflow/models/taskinstance.py", line 767, in _execute_task
    result = _execute_callable(context=context, **execute_callable_kwargs)
             ^^^^^^^^^^^^^^^^^^^^^^^^^^^^^^^^^^^^^^^^^^^^^^^^^^^^^^^^^^^^^
  File "/home/airflow/.local/lib/python3.12/site-packages/airflow/models/taskinstance.py", line 733, in _execute_callable
    return ExecutionCallableRunner(
           ^^^^^^^^^^^^^^^^^^^^^^^^
  File "/home/airflow/.local/lib/python3.12/site-packages/airflow/utils/operator_helpers.py", line 252, in run
    return self.func(*args, **kwargs)
           ^^^^^^^^^^^^^^^^^^^^^^^^^^
  File "/home/airflow/.local/lib/python3.12/site-packages/airflow/models/baseoperator.py", line 406, in wrapper
    return func(self, *args, **kwargs)
           ^^^^^^^^^^^^^^^^^^^^^^^^^^^
  File "/home/airflow/.local/lib/python3.12/site-packages/airflow/operators/bash.py", line 249, in execute
    raise AirflowException(
airflow.exceptions.AirflowException: Bash command failed. The command returned a non-zero exit code 1.
[2025-06-02T01:33:12.259+0000] {local_task_job_runner.py:266} INFO - Task exited with return code 1
[2025-06-02T01:33:15.727+0000] {standard_task_runner.py:217} INFO - Process not found (most likely exited), stop collecting metrics
[2025-06-02T01:33:21.482+0000] {taskinstance.py:3900} INFO - 0 downstream tasks scheduled from follow-on schedule check
[2025-06-02T01:33:22.073+0000] {local_task_job_runner.py:245} INFO - ::endgroup::
